###############################################################
#  Generated by:      Cadence Innovus 15.23-s045_1
#  OS:                Linux x86_64(Host ID ieng6-ece-01.ucsd.edu)
#  Generated on:      Sun Mar  1 18:34:11 2026
#  Design:            core
#  Command:           report_timing -max_paths 5 > ${design}.post_route.timing.rpt
###############################################################
Path 1: VIOLATED Late External Delay Assertion 
Endpoint:   out[144]                                            (v) checked 
with  leading edge of 'clk'
Beginpoint: ofifo_inst/col_idx_7__fifo_instance/rd_ptr_reg_0_/Q (^) triggered 
by  leading edge of 'clk'
Path Groups: {clk}
Analysis View: WC_VIEW
Other End Arrival Time          0.000
- External Delay                0.200
+ Phase Shift                   1.000
= Required Time                 0.800
- Arrival Time                  1.509
= Slack Time                   -0.709
     Clock Rise Edge                 0.000
     + Clock Network Latency (Prop)  0.939
     = Beginpoint Arrival Time       0.939
     +-----------------------------------------------------------------------------------------------------------+ 
     |                      Instance                      |     Arc      |   Cell   | Delay | Arrival | Required | 
     |                                                    |              |          |       |  Time   |   Time   | 
     |----------------------------------------------------+--------------+----------+-------+---------+----------| 
     | ofifo_inst/col_idx_7__fifo_instance/rd_ptr_reg_0_  | CP ^         |          |       |   0.939 |    0.231 | 
     | ofifo_inst/col_idx_7__fifo_instance/rd_ptr_reg_0_  | CP ^ -> Q ^  | DFD4     | 0.159 |   1.098 |    0.390 | 
     | ofifo_inst/col_idx_7__fifo_instance/FE_OFC1084_rd_ | I ^ -> Z ^   | BUFFD16  | 0.065 |   1.164 |    0.455 | 
     | ptr_0_                                             |              |          |       |         |          | 
     | ofifo_inst/col_idx_7__fifo_instance/fifo_mux_16_1a | I ^ -> ZN v  | INVD16   | 0.033 |   1.197 |    0.489 | 
     | /FE_OCPC4282_FE_OFN1084_rd_ptr_0_                  |              |          |       |         |          | 
     | ofifo_inst/col_idx_7__fifo_instance/fifo_mux_16_1a | I v -> ZN ^  | CKND6    | 0.041 |   1.238 |    0.530 | 
     | /FE_OCPC4770_FE_OFN1084_rd_ptr_0_                  |              |          |       |         |          | 
     | ofifo_inst/col_idx_7__fifo_instance/fifo_mux_16_1a | S ^ -> Z v   | MUX2D1   | 0.085 |   1.323 |    0.615 | 
     | /mux_8_1b/fifo_mux_2_1b/U18                        |              |          |       |         |          | 
     | ofifo_inst/col_idx_7__fifo_instance/fifo_mux_16_1a | I1 v -> Z v  | CKMUX2D1 | 0.074 |   1.398 |    0.689 | 
     | /mux_8_1b/fifo_mux_2_1e/U18                        |              |          |       |         |          | 
     | ofifo_inst/col_idx_7__fifo_instance/fifo_mux_16_1a | B1 v -> ZN ^ | IND2D1   | 0.028 |   1.426 |    0.717 | 
     | /mux_8_1b/fifo_mux_2_1g/FE_RC_11715_0              |              |          |       |         |          | 
     | ofifo_inst/col_idx_7__fifo_instance/fifo_mux_16_1a | A1 ^ -> ZN v | CKND2D2  | 0.024 |   1.450 |    0.741 | 
     | /mux_8_1b/fifo_mux_2_1g/FE_RC_11713_0              |              |          |       |         |          | 
     | ofifo_inst/col_idx_7__fifo_instance/fifo_mux_16_1a | A1 v -> ZN ^ | ND2D2    | 0.025 |   1.475 |    0.766 | 
     | /mux_2_1a/FE_RC_11580_0                            |              |          |       |         |          | 
     | ofifo_inst/col_idx_7__fifo_instance/fifo_mux_16_1a | A1 ^ -> ZN v | ND2D4    | 0.033 |   1.508 |    0.799 | 
     | /mux_2_1a/FE_RC_11579_0                            |              |          |       |         |          | 
     |                                                    | out[144] v   |          | 0.001 |   1.509 |    0.800 | 
     +-----------------------------------------------------------------------------------------------------------+ 
Path 2: VIOLATED Late External Delay Assertion 
Endpoint:   out[143]                                            (v) checked 
with  leading edge of 'clk'
Beginpoint: ofifo_inst/col_idx_7__fifo_instance/rd_ptr_reg_0_/Q (^) triggered 
by  leading edge of 'clk'
Path Groups: {clk}
Analysis View: WC_VIEW
Other End Arrival Time          0.000
- External Delay                0.200
+ Phase Shift                   1.000
= Required Time                 0.800
- Arrival Time                  1.506
= Slack Time                   -0.706
     Clock Rise Edge                 0.000
     + Clock Network Latency (Prop)  0.939
     = Beginpoint Arrival Time       0.939
     +----------------------------------------------------------------------------------------------------------+ 
     |                      Instance                      |     Arc      |  Cell   | Delay | Arrival | Required | 
     |                                                    |              |         |       |  Time   |   Time   | 
     |----------------------------------------------------+--------------+---------+-------+---------+----------| 
     | ofifo_inst/col_idx_7__fifo_instance/rd_ptr_reg_0_  | CP ^         |         |       |   0.939 |    0.233 | 
     | ofifo_inst/col_idx_7__fifo_instance/rd_ptr_reg_0_  | CP ^ -> Q ^  | DFD4    | 0.159 |   1.098 |    0.392 | 
     | ofifo_inst/col_idx_7__fifo_instance/FE_OFC1084_rd_ | I ^ -> Z ^   | BUFFD16 | 0.065 |   1.164 |    0.458 | 
     | ptr_0_                                             |              |         |       |         |          | 
     | ofifo_inst/col_idx_7__fifo_instance/fifo_mux_16_1a | I ^ -> ZN v  | INVD16  | 0.033 |   1.197 |    0.491 | 
     | /FE_OCPC4282_FE_OFN1084_rd_ptr_0_                  |              |         |       |         |          | 
     | ofifo_inst/col_idx_7__fifo_instance/fifo_mux_16_1a | I v -> ZN ^  | CKND6   | 0.041 |   1.238 |    0.532 | 
     | /FE_OCPC4770_FE_OFN1084_rd_ptr_0_                  |              |         |       |         |          | 
     | ofifo_inst/col_idx_7__fifo_instance/fifo_mux_16_1a | S ^ -> Z v   | MUX2D1  | 0.081 |   1.319 |    0.613 | 
     | /mux_8_1a/fifo_mux_2_1b/U19                        |              |         |       |         |          | 
     | ofifo_inst/col_idx_7__fifo_instance/fifo_mux_16_1a | A1 v -> ZN ^ | ND2D2   | 0.023 |   1.342 |    0.636 | 
     | /mux_8_1a/fifo_mux_2_1e/FE_RC_11851_0              |              |         |       |         |          | 
     | ofifo_inst/col_idx_7__fifo_instance/fifo_mux_16_1a | A2 ^ -> ZN v | ND2D2   | 0.031 |   1.373 |    0.667 | 
     | /mux_8_1a/fifo_mux_2_1e/FE_RC_11849_0              |              |         |       |         |          | 
     | ofifo_inst/col_idx_7__fifo_instance/fifo_mux_16_1a | B1 v -> ZN ^ | IND2D2  | 0.024 |   1.398 |    0.691 | 
     | /mux_8_1a/fifo_mux_2_1g/FE_RC_11764_0              |              |         |       |         |          | 
     | ofifo_inst/col_idx_7__fifo_instance/fifo_mux_16_1a | B ^ -> ZN v  | IOA21D2 | 0.031 |   1.429 |    0.723 | 
     | /mux_8_1a/fifo_mux_2_1g/FE_RC_11763_0              |              |         |       |         |          | 
     | ofifo_inst/col_idx_7__fifo_instance/fifo_mux_16_1a | B1 v -> ZN ^ | IND2D2  | 0.031 |   1.461 |    0.754 | 
     | /mux_2_1a/FE_RC_11161_0                            |              |         |       |         |          | 
     | ofifo_inst/col_idx_7__fifo_instance/fifo_mux_16_1a | A2 ^ -> ZN v | ND2D4   | 0.046 |   1.506 |    0.800 | 
     | /mux_2_1a/FE_RC_11159_0                            |              |         |       |         |          | 
     |                                                    | out[143] v   |         | 0.000 |   1.506 |    0.800 | 
     +----------------------------------------------------------------------------------------------------------+ 
Path 3: VIOLATED Late External Delay Assertion 
Endpoint:   out[135]                                            (^) checked 
with  leading edge of 'clk'
Beginpoint: ofifo_inst/col_idx_7__fifo_instance/rd_ptr_reg_0_/Q (v) triggered 
by  leading edge of 'clk'
Path Groups: {clk}
Analysis View: WC_VIEW
Other End Arrival Time          0.000
- External Delay                0.200
+ Phase Shift                   1.000
= Required Time                 0.800
- Arrival Time                  1.505
= Slack Time                   -0.705
     Clock Rise Edge                 0.000
     + Clock Network Latency (Prop)  0.939
     = Beginpoint Arrival Time       0.939
     +-----------------------------------------------------------------------------------------------------------+ 
     |                      Instance                      |     Arc      |   Cell   | Delay | Arrival | Required | 
     |                                                    |              |          |       |  Time   |   Time   | 
     |----------------------------------------------------+--------------+----------+-------+---------+----------| 
     | ofifo_inst/col_idx_7__fifo_instance/rd_ptr_reg_0_  | CP ^         |          |       |   0.939 |    0.235 | 
     | ofifo_inst/col_idx_7__fifo_instance/rd_ptr_reg_0_  | CP ^ -> Q v  | DFD4     | 0.149 |   1.088 |    0.383 | 
     | ofifo_inst/col_idx_7__fifo_instance/FE_OFC1084_rd_ | I v -> Z v   | BUFFD16  | 0.063 |   1.151 |    0.447 | 
     | ptr_0_                                             |              |          |       |         |          | 
     | ofifo_inst/col_idx_7__fifo_instance/fifo_mux_16_1a | I v -> ZN ^  | INVD16   | 0.037 |   1.188 |    0.483 | 
     | /FE_OCPC4282_FE_OFN1084_rd_ptr_0_                  |              |          |       |         |          | 
     | ofifo_inst/col_idx_7__fifo_instance/fifo_mux_16_1a | I ^ -> ZN v  | CKND8    | 0.037 |   1.225 |    0.520 | 
     | /FE_OCPC4767_FE_OFN1084_rd_ptr_0_                  |              |          |       |         |          | 
     | ofifo_inst/col_idx_7__fifo_instance/fifo_mux_16_1a | S v -> Z ^   | MUX2D1   | 0.078 |   1.303 |    0.598 | 
     | /mux_8_1a/fifo_mux_2_1a/U9                         |              |          |       |         |          | 
     | ofifo_inst/col_idx_7__fifo_instance/fifo_mux_16_1a | I0 ^ -> Z ^  | CKMUX2D1 | 0.072 |   1.375 |    0.670 | 
     | /mux_8_1a/fifo_mux_2_1e/U9                         |              |          |       |         |          | 
     | ofifo_inst/col_idx_7__fifo_instance/fifo_mux_16_1a | B1 ^ -> ZN v | IND2D1   | 0.034 |   1.409 |    0.704 | 
     | /mux_8_1a/fifo_mux_2_1g/FE_RC_11811_0              |              |          |       |         |          | 
     | ofifo_inst/col_idx_7__fifo_instance/fifo_mux_16_1a | A1 v -> ZN ^ | CKND2D2  | 0.029 |   1.438 |    0.733 | 
     | /mux_8_1a/fifo_mux_2_1g/FE_RC_11810_0              |              |          |       |         |          | 
     | ofifo_inst/col_idx_7__fifo_instance/fifo_mux_16_1a | B1 ^ -> ZN v | IND2D2   | 0.035 |   1.473 |    0.768 | 
     | /mux_2_1a/FE_RC_11685_0                            |              |          |       |         |          | 
     | ofifo_inst/col_idx_7__fifo_instance/fifo_mux_16_1a | B v -> ZN ^  | IOA21D4  | 0.032 |   1.505 |    0.800 | 
     | /mux_2_1a/FE_RC_11684_0                            |              |          |       |         |          | 
     |                                                    | out[135] ^   |          | 0.000 |   1.505 |    0.800 | 
     +-----------------------------------------------------------------------------------------------------------+ 
Path 4: VIOLATED Late External Delay Assertion 
Endpoint:   out[139]                                            (^) checked 
with  leading edge of 'clk'
Beginpoint: ofifo_inst/col_idx_7__fifo_instance/rd_ptr_reg_0_/Q (v) triggered 
by  leading edge of 'clk'
Path Groups: {clk}
Analysis View: WC_VIEW
Other End Arrival Time          0.000
- External Delay                0.200
+ Phase Shift                   1.000
= Required Time                 0.800
- Arrival Time                  1.503
= Slack Time                   -0.703
     Clock Rise Edge                 0.000
     + Clock Network Latency (Prop)  0.939
     = Beginpoint Arrival Time       0.939
     +----------------------------------------------------------------------------------------------------------+ 
     |                      Instance                      |     Arc      |  Cell   | Delay | Arrival | Required | 
     |                                                    |              |         |       |  Time   |   Time   | 
     |----------------------------------------------------+--------------+---------+-------+---------+----------| 
     | ofifo_inst/col_idx_7__fifo_instance/rd_ptr_reg_0_  | CP ^         |         |       |   0.939 |    0.237 | 
     | ofifo_inst/col_idx_7__fifo_instance/rd_ptr_reg_0_  | CP ^ -> Q v  | DFD4    | 0.149 |   1.088 |    0.385 | 
     | ofifo_inst/col_idx_7__fifo_instance/FE_OFC1084_rd_ | I v -> Z v   | BUFFD16 | 0.063 |   1.151 |    0.449 | 
     | ptr_0_                                             |              |         |       |         |          | 
     | ofifo_inst/col_idx_7__fifo_instance/fifo_mux_16_1a | I v -> ZN ^  | INVD16  | 0.037 |   1.188 |    0.485 | 
     | /FE_OCPC4282_FE_OFN1084_rd_ptr_0_                  |              |         |       |         |          | 
     | ofifo_inst/col_idx_7__fifo_instance/fifo_mux_16_1a | I ^ -> ZN v  | CKND6   | 0.039 |   1.227 |    0.525 | 
     | /FE_OCPC4770_FE_OFN1084_rd_ptr_0_                  |              |         |       |         |          | 
     | ofifo_inst/col_idx_7__fifo_instance/fifo_mux_16_1a | S v -> Z ^   | MUX2D1  | 0.087 |   1.314 |    0.611 | 
     | /mux_8_1a/fifo_mux_2_1a/U10                        |              |         |       |         |          | 
     | ofifo_inst/col_idx_7__fifo_instance/fifo_mux_16_1a | B1 ^ -> ZN v | IND2D1  | 0.031 |   1.345 |    0.643 | 
     | /mux_8_1a/fifo_mux_2_1e/FE_RC_11859_0              |              |         |       |         |          | 
     | ofifo_inst/col_idx_7__fifo_instance/fifo_mux_16_1a | A1 v -> ZN ^ | ND2D1   | 0.025 |   1.371 |    0.668 | 
     | /mux_8_1a/fifo_mux_2_1e/FE_RC_11858_0              |              |         |       |         |          | 
     | ofifo_inst/col_idx_7__fifo_instance/fifo_mux_16_1a | B1 ^ -> ZN v | IND2D1  | 0.036 |   1.406 |    0.704 | 
     | /mux_8_1a/fifo_mux_2_1g/FE_RC_11809_0              |              |         |       |         |          | 
     | ofifo_inst/col_idx_7__fifo_instance/fifo_mux_16_1a | A2 v -> ZN ^ | ND2D2   | 0.029 |   1.435 |    0.732 | 
     | /mux_8_1a/fifo_mux_2_1g/FE_RC_11807_0              |              |         |       |         |          | 
     | ofifo_inst/col_idx_7__fifo_instance/fifo_mux_16_1a | B1 ^ -> ZN v | IND2D2  | 0.033 |   1.468 |    0.766 | 
     | /mux_2_1a/FE_RC_11636_0                            |              |         |       |         |          | 
     | ofifo_inst/col_idx_7__fifo_instance/fifo_mux_16_1a | A1 v -> ZN ^ | CKND2D4 | 0.034 |   1.502 |    0.799 | 
     | /mux_2_1a/FE_RC_11873_0                            |              |         |       |         |          | 
     |                                                    | out[139] ^   |         | 0.001 |   1.503 |    0.800 | 
     +----------------------------------------------------------------------------------------------------------+ 
Path 5: VIOLATED Late External Delay Assertion 
Endpoint:   out[126]                                         (v) checked with  
leading edge of 'clk'
Beginpoint: ofifo_inst/col_idx_6__fifo_instance/q7_reg_12_/Q (v) triggered by  
leading edge of 'clk'
Path Groups: {clk}
Analysis View: WC_VIEW
Other End Arrival Time          0.000
- External Delay                0.200
+ Phase Shift                   1.000
= Required Time                 0.800
- Arrival Time                  1.501
= Slack Time                   -0.701
     Clock Rise Edge                 0.000
     + Clock Network Latency (Prop)  1.056
     = Beginpoint Arrival Time       1.056
     +-----------------------------------------------------------------------------------------------------------+ 
     |                      Instance                      |     Arc      |   Cell   | Delay | Arrival | Required | 
     |                                                    |              |          |       |  Time   |   Time   | 
     |----------------------------------------------------+--------------+----------+-------+---------+----------| 
     | ofifo_inst/col_idx_6__fifo_instance/q7_reg_12_     | CP ^         |          |       |   1.056 |    0.355 | 
     | ofifo_inst/col_idx_6__fifo_instance/q7_reg_12_     | CP ^ -> Q v  | EDFQD1   | 0.160 |   1.216 |    0.515 | 
     | ofifo_inst/col_idx_6__fifo_instance/fifo_mux_16_1a | I1 v -> Z v  | MUX2D1   | 0.065 |   1.281 |    0.580 | 
     | /mux_8_1a/fifo_mux_2_1d/U13                        |              |          |       |         |          | 
     | ofifo_inst/col_idx_6__fifo_instance/fifo_mux_16_1a | A1 v -> ZN v | IOA21D1  | 0.062 |   1.344 |    0.642 | 
     | /mux_8_1a/fifo_mux_2_1f/FE_RC_11867_0              |              |          |       |         |          | 
     | ofifo_inst/col_idx_6__fifo_instance/fifo_mux_16_1a | B1 v -> ZN v | MOAI22D1 | 0.060 |   1.403 |    0.702 | 
     | /mux_8_1a/fifo_mux_2_1g/FE_RC_11661_0              |              |          |       |         |          | 
     | ofifo_inst/col_idx_6__fifo_instance/fifo_mux_16_1a | B1 v -> ZN ^ | IND2D1   | 0.053 |   1.457 |    0.755 | 
     | /mux_2_1a/FE_RC_11422_0                            |              |          |       |         |          | 
     | ofifo_inst/col_idx_6__fifo_instance/fifo_mux_16_1a | A1 ^ -> ZN v | CKND2D3  | 0.044 |   1.500 |    0.799 | 
     | /mux_2_1a/FE_RC_11421_0                            |              |          |       |         |          | 
     |                                                    | out[126] v   |          | 0.001 |   1.501 |    0.800 | 
     +-----------------------------------------------------------------------------------------------------------+ 

