*----------------------------------------------------------------------------------------
*	Innovus 15.23-s045_1 (64bit) 04/22/2016 12:32 (Linux 2.6.18-194.el5)
*	
*
* 	Date & Time:	2026-Mar-06 02:02:57 (2026-Mar-06 10:02:57 GMT)
*
*----------------------------------------------------------------------------------------
*
*	Design: core
*
*	Liberty Libraries used: 
*	        WC_VIEW: /home/linux/ieng6/ECE260B_WI26_A00/public/PDKdata/lib/tcbn65gpluswc.lib
*	        WC_VIEW: ../../sram_pnr/scripts/sram_w16_WC.lib
*
*	Power Domain used: 
*		Rail:        VDD 	Voltage:        0.9 
*
*       Power View : WC_VIEW
*
*       User-Defined Activity : N.A.
*
*       Activity File: N.A.
*
*       Hierarchical Global Activity: N.A.
*
*       Global Activity: N.A.
*
*       Sequential Element Activity: 0.200000
*
*       Primary Input Activity: 0.200000
*
*       Default icg ratio: N.A.
*
*       Global Comb ClockGate Ratio: N.A.
*
*	Power Units = 1mW
*
*	Time Units = 1e-09 secs 
*
*       report_power -outfile core.post_route.power.rpt
*
-----------------------------------------------------------------------------------------


Total Power 
-----------------------------------------------------------------------------------------
Total Internal Power:       94.92852978 	   59.7882%
Total Switching Power:      61.99164920 	   39.0438%
Total Leakage Power:         1.85460319 	    1.1681%
Total Power:               158.77478226 
-----------------------------------------------------------------------------------------


Group                           Internal   Switching     Leakage       Total  Percentage 
                                Power      Power         Power         Power  (%)        
-----------------------------------------------------------------------------------------
Sequential                          32.3        1.59      0.2424       34.13        21.5 
Macro                                  0      0.1702           0      0.1702      0.1072 
IO                                     0           0           0           0           0 
Combinational                      52.82       52.39       1.544       106.8       67.23 
Clock (Combinational)               9.81       7.846     0.06854       17.72       11.16 
Clock (Sequential)                     0           0           0           0           0 
-----------------------------------------------------------------------------------------
Total                              94.93       61.99       1.855       158.8         100 
-----------------------------------------------------------------------------------------


Rail                  Voltage   Internal   Switching     Leakage       Total  Percentage 
                                Power      Power         Power         Power  (%)        
-----------------------------------------------------------------------------------------
VDD                       0.9      94.93       61.99       1.855       158.8         100 


Clock                           Internal   Switching     Leakage       Total  Percentage 
                                Power      Power         Power         Power  (%)        
-----------------------------------------------------------------------------------------
clk                                 9.81       7.846     0.06854       17.72       11.16 
-----------------------------------------------------------------------------------------
Total (excluding duplicates)        9.81       7.846     0.06854       17.72       11.16 
-----------------------------------------------------------------------------------------


-----------------------------------------------------------------------------------------
*	Power Distribution Summary: 
* 		Highest Average Power: mac_array_instance/col_idx_5__mac_col_inst/CTS_ccl_BUF_clk_G0_L3_21 (CKBD16): 	    0.1521 
* 		Highest Leakage Power: mac_array_instance/col_idx_7__mac_col_inst/mac_8in_instance/U1074 (FA1D4): 	 0.0002643 
* 		Total Cap: 	3.03939e-10 F
* 		Total instances in design: 45332
* 		Total instances in design with no power:     0
*          Total instances in design with no activity:     0
* 		Total Fillers and Decap:     0
-----------------------------------------------------------------------------------------

