###############################################################
#  Generated by:      Cadence Innovus 15.23-s045_1
#  OS:                Linux x86_64(Host ID ieng6-ece-05.ucsd.edu)
#  Generated on:      Fri Mar  6 02:02:27 2026
#  Design:            core
#  Command:           verifyGeometry
###############################################################

SHORT: Regular Via of Net mac_array_instance/col_idx_4__mac_col_inst/mac_8in_instance/n1469 & Blockage of Cell mac_array_instance/col_idx_4__mac_col_inst/mac_8in_instance/U1279  ( M1 )
Bounds : ( 570.850, 519.470 ) ( 570.950, 519.890 )


SHORT: Regular Via of Net mac_array_instance/col_idx_4__mac_col_inst/mac_8in_instance/n1490 & Blockage of Cell mac_array_instance/col_idx_4__mac_col_inst/mac_8in_instance/U350  ( M1 )
Bounds : ( 614.810, 505.350 ) ( 614.990, 505.450 )


SHORT: Regular Via of Net mac_array_instance/col_idx_8__mac_col_inst/mac_8in_instance/FE_RN_10797_0 & Blockage of Cell mac_array_instance/col_idx_8__mac_col_inst/mac_8in_instance/FE_RC_20933_0  ( M1 )
Bounds : ( 687.250, 69.470 ) ( 687.350, 69.890 )



Begin Summary ...
  Cells       : 0
  SameNet     : 0
  Wiring      : 0
  Antenna     : 0
  Short       : 3
  Overlap     : 0
End Summary

  Total Violations : 3 Viols.
