###############################################################
#  Generated by:      Cadence Innovus 15.23-s045_1
#  OS:                Linux x86_64(Host ID ieng6-ece-05.ucsd.edu)
#  Generated on:      Fri Mar  6 02:02:49 2026
#  Design:            core
#  Command:           report_timing -max_paths 5 > ${design}.post_route.timing.rpt
###############################################################
Path 1: VIOLATED Late External Delay Assertion 
Endpoint:   out[12]                                          (^) checked with  
leading edge of 'clk'
Beginpoint: ofifo_inst/col_idx_0__fifo_instance/q9_reg_12_/Q (^) triggered by  
leading edge of 'clk'
Path Groups: {clk}
Analysis View: WC_VIEW
Other End Arrival Time          0.000
- External Delay                0.200
+ Phase Shift                   1.000
+ CPPR Adjustment               0.000
= Required Time                 0.800
- Arrival Time                  2.325
= Slack Time                   -1.525
     Clock Rise Edge                 0.000
     + Clock Network Latency (Prop)  1.781
     = Beginpoint Arrival Time       1.781
     +----------------------------------------------------------------------------------------------------------+ 
     |                      Instance                      |     Arc      |  Cell   | Delay | Arrival | Required | 
     |                                                    |              |         |       |  Time   |   Time   | 
     |----------------------------------------------------+--------------+---------+-------+---------+----------| 
     | ofifo_inst/col_idx_0__fifo_instance/q9_reg_12_     | CP ^         |         |       |   1.781 |    0.256 | 
     | ofifo_inst/col_idx_0__fifo_instance/q9_reg_12_     | CP ^ -> Q ^  | DFQD2   | 0.145 |   1.926 |    0.401 | 
     | ofifo_inst/col_idx_0__fifo_instance/fifo_mux_16_1a | A1 ^ -> ZN v | ND2D2   | 0.027 |   1.953 |    0.428 | 
     | /mux_8_1b/fifo_mux_2_1a/FE_RC_19188_0              |              |         |       |         |          | 
     | ofifo_inst/col_idx_0__fifo_instance/fifo_mux_16_1a | A2 v -> ZN ^ | CKND2D3 | 0.036 |   1.989 |    0.464 | 
     | /mux_8_1b/fifo_mux_2_1a/FE_RC_19186_0              |              |         |       |         |          | 
     | ofifo_inst/col_idx_0__fifo_instance/fifo_mux_16_1a | B1 ^ -> ZN v | IND2D4  | 0.025 |   2.014 |    0.489 | 
     | /mux_8_1b/fifo_mux_2_1e/FE_RC_18605_0              |              |         |       |         |          | 
     | ofifo_inst/col_idx_0__fifo_instance/fifo_mux_16_1a | A2 v -> ZN ^ | CKND2D3 | 0.030 |   2.043 |    0.518 | 
     | /mux_8_1b/fifo_mux_2_1e/FE_RC_18604_0              |              |         |       |         |          | 
     | ofifo_inst/col_idx_0__fifo_instance/fifo_mux_16_1a | B1 ^ -> ZN v | IND2D2  | 0.030 |   2.073 |    0.548 | 
     | /mux_8_1b/fifo_mux_2_1g/FE_RC_19541_0              |              |         |       |         |          | 
     | ofifo_inst/col_idx_0__fifo_instance/fifo_mux_16_1a | A2 v -> ZN ^ | ND2D2   | 0.024 |   2.098 |    0.573 | 
     | /mux_8_1b/fifo_mux_2_1g/FE_RC_19539_0              |              |         |       |         |          | 
     | ofifo_inst/col_idx_0__fifo_instance/fifo_mux_16_1a | I ^ -> ZN v  | CKND2   | 0.017 |   2.115 |    0.590 | 
     | /mux_2_1a/FE_RC_18237_0                            |              |         |       |         |          | 
     | ofifo_inst/col_idx_0__fifo_instance/fifo_mux_16_1a | I1 v -> ZN ^ | MUX2ND4 | 0.091 |   2.206 |    0.681 | 
     | /mux_2_1a/FE_RC_18236_0                            |              |         |       |         |          | 
     | FE_PSC17746_out_12_                                | I ^ -> Z ^   | BUFFD16 | 0.053 |   2.259 |    0.734 | 
     |                                                    | out[12] ^    |         | 0.066 |   2.325 |    0.800 | 
     +----------------------------------------------------------------------------------------------------------+ 
Path 2: VIOLATED Late External Delay Assertion 
Endpoint:   out[10]                                          (^) checked with  
leading edge of 'clk'
Beginpoint: ofifo_inst/col_idx_0__fifo_instance/q0_reg_10_/Q (^) triggered by  
leading edge of 'clk'
Path Groups: {clk}
Analysis View: WC_VIEW
Other End Arrival Time          0.000
- External Delay                0.200
+ Phase Shift                   1.000
+ CPPR Adjustment               0.000
= Required Time                 0.800
- Arrival Time                  2.303
= Slack Time                   -1.503
     Clock Rise Edge                 0.000
     + Clock Network Latency (Prop)  1.777
     = Beginpoint Arrival Time       1.777
     +-----------------------------------------------------------------------------------------------------------+ 
     |                      Instance                      |     Arc      |   Cell   | Delay | Arrival | Required | 
     |                                                    |              |          |       |  Time   |   Time   | 
     |----------------------------------------------------+--------------+----------+-------+---------+----------| 
     | ofifo_inst/col_idx_0__fifo_instance/q0_reg_10_     | CP ^         |          |       |   1.777 |    0.274 | 
     | ofifo_inst/col_idx_0__fifo_instance/q0_reg_10_     | CP ^ -> Q ^  | DFQD4    | 0.138 |   1.915 |    0.412 | 
     | ofifo_inst/col_idx_0__fifo_instance/fifo_mux_16_1a | B1 ^ -> ZN v | IND2D2   | 0.028 |   1.943 |    0.440 | 
     | /mux_8_1a/fifo_mux_2_1a/FE_RC_18692_0              |              |          |       |         |          | 
     | ofifo_inst/col_idx_0__fifo_instance/fifo_mux_16_1a | A2 v -> ZN ^ | ND2D2    | 0.025 |   1.968 |    0.465 | 
     | /mux_8_1a/fifo_mux_2_1a/FE_RC_18690_0              |              |          |       |         |          | 
     | ofifo_inst/col_idx_0__fifo_instance/fifo_mux_16_1a | B1 ^ -> ZN v | IND2D2   | 0.027 |   1.995 |    0.492 | 
     | /mux_8_1a/fifo_mux_2_1e/FE_RC_20189_0              |              |          |       |         |          | 
     | ofifo_inst/col_idx_0__fifo_instance/fifo_mux_16_1a | B v -> ZN ^  | IOA21D2  | 0.022 |   2.017 |    0.514 | 
     | /mux_8_1a/fifo_mux_2_1e/FE_RC_20188_0              |              |          |       |         |          | 
     | ofifo_inst/col_idx_0__fifo_instance/fifo_mux_16_1a | I ^ -> ZN v  | INVD2    | 0.016 |   2.033 |    0.530 | 
     | /mux_8_1a/fifo_mux_2_1g/FE_RC_18305_0              |              |          |       |         |          | 
     | ofifo_inst/col_idx_0__fifo_instance/fifo_mux_16_1a | A1 v -> ZN ^ | MOAI22D1 | 0.038 |   2.071 |    0.568 | 
     | /mux_8_1a/fifo_mux_2_1g/FE_RC_18304_0              |              |          |       |         |          | 
     | ofifo_inst/col_idx_0__fifo_instance/fifo_mux_16_1a | I ^ -> ZN v  | INVD1    | 0.040 |   2.111 |    0.608 | 
     | /mux_2_1a/FE_RC_18209_0                            |              |          |       |         |          | 
     | ofifo_inst/col_idx_0__fifo_instance/fifo_mux_16_1a | A1 v -> ZN ^ | OAI21D4  | 0.086 |   2.197 |    0.694 | 
     | /mux_2_1a/FE_RC_20050_0                            |              |          |       |         |          | 
     | FE_PDC17589_out_10_                                | I ^ -> Z ^   | BUFFD16  | 0.076 |   2.273 |    0.770 | 
     |                                                    | out[10] ^    |          | 0.030 |   2.303 |    0.800 | 
     +-----------------------------------------------------------------------------------------------------------+ 
Path 3: VIOLATED Late External Delay Assertion 
Endpoint:   out[11]                                           (^) checked with  
leading edge of 'clk'
Beginpoint: ofifo_inst/col_idx_0__fifo_instance/q12_reg_11_/Q (^) triggered by  
leading edge of 'clk'
Path Groups: {clk}
Analysis View: WC_VIEW
Other End Arrival Time          0.000
- External Delay                0.200
+ Phase Shift                   1.000
+ CPPR Adjustment               0.000
= Required Time                 0.800
- Arrival Time                  2.299
= Slack Time                   -1.499
     Clock Rise Edge                 0.000
     + Clock Network Latency (Prop)  1.779
     = Beginpoint Arrival Time       1.779
     +-----------------------------------------------------------------------------------------------------------+ 
     |                      Instance                      |     Arc      |   Cell   | Delay | Arrival | Required | 
     |                                                    |              |          |       |  Time   |   Time   | 
     |----------------------------------------------------+--------------+----------+-------+---------+----------| 
     | ofifo_inst/col_idx_0__fifo_instance/q12_reg_11_    | CP ^         |          |       |   1.779 |    0.280 | 
     | ofifo_inst/col_idx_0__fifo_instance/q12_reg_11_    | CP ^ -> Q ^  | DFQD4    | 0.138 |   1.917 |    0.418 | 
     | ofifo_inst/col_idx_0__fifo_instance/fifo_mux_16_1a | I ^ -> ZN v  | INVD2    | 0.018 |   1.935 |    0.436 | 
     | /mux_8_1b/fifo_mux_2_1c/FE_RC_18417_0              |              |          |       |         |          | 
     | ofifo_inst/col_idx_0__fifo_instance/fifo_mux_16_1a | A1 v -> ZN ^ | OAI21D2  | 0.030 |   1.964 |    0.465 | 
     | /mux_8_1b/fifo_mux_2_1c/FE_RC_19907_0              |              |          |       |         |          | 
     | ofifo_inst/col_idx_0__fifo_instance/fifo_mux_16_1a | I ^ -> ZN v  | INVD1    | 0.025 |   1.990 |    0.491 | 
     | /mux_8_1b/fifo_mux_2_1f/FE_RC_18263_0              |              |          |       |         |          | 
     | ofifo_inst/col_idx_0__fifo_instance/fifo_mux_16_1a | A1 v -> ZN ^ | OAI21D2  | 0.036 |   2.026 |    0.527 | 
     | /mux_8_1b/fifo_mux_2_1f/FE_RC_20206_0              |              |          |       |         |          | 
     | ofifo_inst/col_idx_0__fifo_instance/fifo_mux_16_1a | A1 ^ -> ZN v | ND2D2    | 0.028 |   2.055 |    0.555 | 
     | /mux_8_1b/fifo_mux_2_1g/FE_RC_18530_0              |              |          |       |         |          | 
     | ofifo_inst/col_idx_0__fifo_instance/fifo_mux_16_1a | A1 v -> ZN ^ | CKND2D2  | 0.025 |   2.080 |    0.581 | 
     | /mux_8_1b/fifo_mux_2_1g/FE_RC_18529_0              |              |          |       |         |          | 
     | ofifo_inst/col_idx_0__fifo_instance/fifo_mux_16_1a | B1 ^ -> ZN ^ | MOAI22D1 | 0.062 |   2.142 |    0.643 | 
     | /mux_2_1a/FE_RC_18201_0                            |              |          |       |         |          | 
     | FE_PSC17749_out_11_                                | I ^ -> Z ^   | CKBD4    | 0.052 |   2.194 |    0.695 | 
     | FE_PSC17748_out_11_                                | I ^ -> Z ^   | BUFFD16  | 0.050 |   2.245 |    0.745 | 
     |                                                    | out[11] ^    |          | 0.055 |   2.299 |    0.800 | 
     +-----------------------------------------------------------------------------------------------------------+ 
Path 4: VIOLATED Late External Delay Assertion 
Endpoint:   out[8]                                          (^) checked with  
leading edge of 'clk'
Beginpoint: ofifo_inst/col_idx_0__fifo_instance/q2_reg_8_/Q (^) triggered by  
leading edge of 'clk'
Path Groups: {clk}
Analysis View: WC_VIEW
Other End Arrival Time          0.000
- External Delay                0.200
+ Phase Shift                   1.000
+ CPPR Adjustment               0.000
= Required Time                 0.800
- Arrival Time                  2.294
= Slack Time                   -1.494
     Clock Rise Edge                 0.000
     + Clock Network Latency (Prop)  1.780
     = Beginpoint Arrival Time       1.780
     +-----------------------------------------------------------------------------------------------------------+ 
     |                      Instance                      |     Arc      |   Cell   | Delay | Arrival | Required | 
     |                                                    |              |          |       |  Time   |   Time   | 
     |----------------------------------------------------+--------------+----------+-------+---------+----------| 
     | ofifo_inst/col_idx_0__fifo_instance/q2_reg_8_      | CP ^         |          |       |   1.780 |    0.286 | 
     | ofifo_inst/col_idx_0__fifo_instance/q2_reg_8_      | CP ^ -> Q ^  | DFQD4    | 0.137 |   1.916 |    0.422 | 
     | ofifo_inst/col_idx_0__fifo_instance/fifo_mux_16_1a | I ^ -> ZN v  | INVD2    | 0.018 |   1.934 |    0.440 | 
     | /mux_8_1a/fifo_mux_2_1b/FE_RC_18582_0              |              |          |       |         |          | 
     | ofifo_inst/col_idx_0__fifo_instance/fifo_mux_16_1a | A1 v -> ZN ^ | OAI21D2  | 0.032 |   1.965 |    0.472 | 
     | /mux_8_1a/fifo_mux_2_1b/FE_RC_19233_0              |              |          |       |         |          | 
     | ofifo_inst/col_idx_0__fifo_instance/fifo_mux_16_1a | A1 ^ -> ZN ^ | IOA21D2  | 0.063 |   2.029 |    0.535 | 
     | /mux_8_1a/fifo_mux_2_1e/FE_RC_19517_0              |              |          |       |         |          | 
     | ofifo_inst/col_idx_0__fifo_instance/fifo_mux_16_1a | I ^ -> ZN v  | INVD2    | 0.020 |   2.048 |    0.554 | 
     | /mux_8_1a/fifo_mux_2_1g/FE_RC_18267_0              |              |          |       |         |          | 
     | ofifo_inst/col_idx_0__fifo_instance/fifo_mux_16_1a | A1 v -> ZN ^ | MOAI22D1 | 0.038 |   2.087 |    0.593 | 
     | /mux_8_1a/fifo_mux_2_1g/FE_RC_18266_0              |              |          |       |         |          | 
     | ofifo_inst/col_idx_0__fifo_instance/fifo_mux_16_1a | I ^ -> ZN v  | INVD1    | 0.038 |   2.125 |    0.631 | 
     | /mux_2_1a/FE_RC_18685_0                            |              |          |       |         |          | 
     | ofifo_inst/col_idx_0__fifo_instance/fifo_mux_16_1a | A1 v -> ZN ^ | OAI21D4  | 0.045 |   2.170 |    0.676 | 
     | /mux_2_1a/FE_RC_19231_0                            |              |          |       |         |          | 
     | FE_PDC17591_out_8_                                 | I ^ -> Z ^   | BUFFD8   | 0.075 |   2.245 |    0.751 | 
     |                                                    | out[8] ^     |          | 0.049 |   2.294 |    0.800 | 
     +-----------------------------------------------------------------------------------------------------------+ 
Path 5: VIOLATED Late External Delay Assertion 
Endpoint:   out[13]                                           (^) checked with  
leading edge of 'clk'
Beginpoint: ofifo_inst/col_idx_0__fifo_instance/q10_reg_13_/Q (^) triggered by  
leading edge of 'clk'
Path Groups: {clk}
Analysis View: WC_VIEW
Other End Arrival Time          0.000
- External Delay                0.200
+ Phase Shift                   1.000
+ CPPR Adjustment               0.000
= Required Time                 0.800
- Arrival Time                  2.285
= Slack Time                   -1.485
     Clock Rise Edge                 0.000
     + Clock Network Latency (Prop)  1.780
     = Beginpoint Arrival Time       1.780
     +----------------------------------------------------------------------------------------------------------+ 
     |                      Instance                      |     Arc      |  Cell   | Delay | Arrival | Required | 
     |                                                    |              |         |       |  Time   |   Time   | 
     |----------------------------------------------------+--------------+---------+-------+---------+----------| 
     | ofifo_inst/col_idx_0__fifo_instance/q10_reg_13_    | CP ^         |         |       |   1.780 |    0.295 | 
     | ofifo_inst/col_idx_0__fifo_instance/q10_reg_13_    | CP ^ -> Q ^  | DFQD2   | 0.144 |   1.923 |    0.438 | 
     | ofifo_inst/col_idx_0__fifo_instance/fifo_mux_16_1a | I ^ -> ZN v  | INVD2   | 0.020 |   1.943 |    0.458 | 
     | /mux_8_1b/fifo_mux_2_1b/FE_RC_18356_0              |              |         |       |         |          | 
     | ofifo_inst/col_idx_0__fifo_instance/fifo_mux_16_1a | A1 v -> ZN ^ | OAI21D2 | 0.034 |   1.977 |    0.492 | 
     | /mux_8_1b/fifo_mux_2_1b/FE_RC_19224_0              |              |         |       |         |          | 
     | ofifo_inst/col_idx_0__fifo_instance/fifo_mux_16_1a | A1 ^ -> ZN v | CKND2D2 | 0.026 |   2.004 |    0.519 | 
     | /mux_8_1b/fifo_mux_2_1e/FE_RC_19467_0              |              |         |       |         |          | 
     | ofifo_inst/col_idx_0__fifo_instance/fifo_mux_16_1a | A1 v -> ZN ^ | CKND2D2 | 0.030 |   2.033 |    0.548 | 
     | /mux_8_1b/fifo_mux_2_1e/FE_RC_19465_0              |              |         |       |         |          | 
     | ofifo_inst/col_idx_0__fifo_instance/fifo_mux_16_1a | B1 ^ -> ZN v | IND2D2  | 0.028 |   2.062 |    0.577 | 
     | /mux_8_1b/fifo_mux_2_1g/FE_RC_20194_0              |              |         |       |         |          | 
     | ofifo_inst/col_idx_0__fifo_instance/fifo_mux_16_1a | A1 v -> ZN ^ | CKND2D2 | 0.023 |   2.085 |    0.600 | 
     | /mux_8_1b/fifo_mux_2_1g/FE_RC_20193_0              |              |         |       |         |          | 
     | ofifo_inst/col_idx_0__fifo_instance/fifo_mux_16_1a | A1 ^ -> ZN ^ | IOA21D4 | 0.079 |   2.164 |    0.679 | 
     | /mux_2_1a/FE_RC_18191_0                            |              |         |       |         |          | 
     | FE_PSC17744_out_13_                                | I ^ -> Z ^   | CKBD16  | 0.058 |   2.222 |    0.737 | 
     |                                                    | out[13] ^    |         | 0.063 |   2.285 |    0.800 | 
     +----------------------------------------------------------------------------------------------------------+ 

