*----------------------------------------------------------------------------------------
*	Innovus 15.23-s045_1 (64bit) 04/22/2016 12:32 (Linux 2.6.18-194.el5)
*	
*
* 	Date & Time:	2026-Mar-05 10:42:13 (2026-Mar-05 18:42:13 GMT)
*
*----------------------------------------------------------------------------------------
*
*	Design: sram_w16
*
*	Liberty Libraries used: 
*	        WC_VIEW: /home/linux/ieng6/ECE260B_WI26_A00/public/PDKdata/lib/tcbn65gpluswc.lib
*
*	Power Domain used: 
*		Rail:        VDD 	Voltage:        0.9 
*
*       Power View : WC_VIEW
*
*       User-Defined Activity : N.A.
*
*       Activity File: N.A.
*
*       Hierarchical Global Activity: N.A.
*
*       Global Activity: N.A.
*
*       Sequential Element Activity: 0.200000
*
*       Primary Input Activity: 0.200000
*
*       Default icg ratio: N.A.
*
*       Global Comb ClockGate Ratio: N.A.
*
*	Power Units = 1mW
*
*	Time Units = 1e-09 secs 
*
*       report_power -outfile sram_w16.post_route.power.rpt
*
-----------------------------------------------------------------------------------------


Total Power 
-----------------------------------------------------------------------------------------
Total Internal Power:        9.41150833 	   80.8745%
Total Switching Power:       2.15004672 	   18.4757%
Total Leakage Power:         0.07561619 	    0.6498%
Total Power:                11.63717139 
-----------------------------------------------------------------------------------------


Group                           Internal   Switching     Leakage       Total  Percentage 
                                Power      Power         Power         Power  (%)        
-----------------------------------------------------------------------------------------
Sequential                         8.829      0.1796     0.06241       9.071       77.95 
Macro                                  0           0           0           0           0 
IO                                     0           0           0           0           0 
Combinational                     0.1329       0.541     0.01025      0.6842       5.879 
Clock (Combinational)             0.4495       1.429    0.002958       1.882       16.17 
Clock (Sequential)                     0           0           0           0           0 
-----------------------------------------------------------------------------------------
Total                              9.412        2.15     0.07562       11.64         100 
-----------------------------------------------------------------------------------------


Rail                  Voltage   Internal   Switching     Leakage       Total  Percentage 
                                Power      Power         Power         Power  (%)        
-----------------------------------------------------------------------------------------
VDD                       0.9      9.412        2.15     0.07562       11.64         100 


Clock                           Internal   Switching     Leakage       Total  Percentage 
                                Power      Power         Power         Power  (%)        
-----------------------------------------------------------------------------------------
CLK                               0.4495       1.429    0.002958       1.882       16.17 
-----------------------------------------------------------------------------------------
Total (excluding duplicates)      0.4495       1.429    0.002958       1.882       16.17 
-----------------------------------------------------------------------------------------


-----------------------------------------------------------------------------------------
*	Power Distribution Summary: 
* 		Highest Average Power:   CTS_ccl_BUF_CLK_G0_L2_9 (CKBD16): 	    0.1379 
* 		Highest Leakage Power:   CTS_ccl_BUF_CLK_G0_L1_1 (CKBD16): 	 0.0002228 
* 		Total Cap: 	1.23258e-11 F
* 		Total instances in design:  1931
* 		Total instances in design with no power:     0
*          Total instances in design with no activity:     0
* 		Total Fillers and Decap:     0
-----------------------------------------------------------------------------------------

