###############################################################
#  Generated by:      Cadence Innovus 15.23-s045_1
#  OS:                Linux x86_64(Host ID ieng6-ece-05.ucsd.edu)
#  Generated on:      Wed Mar  4 17:17:16 2026
#  Design:            sram_w16
#  Command:           report_timing -max_paths 5 > ${design}.post_route.timing.rpt
###############################################################
Path 1: MET Setup Check with Pin memory1_reg_1_/CP 
Endpoint:   memory1_reg_1_/E (^) checked with  leading edge of 'CLK'
Beginpoint: A[3]             (^) triggered by  leading edge of 'CLK'
Path Groups: {CLK}
Analysis View: WC_VIEW
Other End Arrival Time          0.157
- Setup                         0.124
+ Phase Shift                   1.000
= Required Time                 1.033
- Arrival Time                  1.017
= Slack Time                    0.015
     Clock Rise Edge                      0.000
     + Input Delay                        0.200
     = Beginpoint Arrival Time            0.200
     +----------------------------------------------------------------------+ 
     |    Instance    |     Arc      |  Cell   | Delay | Arrival | Required | 
     |                |              |         |       |  Time   |   Time   | 
     |----------------+--------------+---------+-------+---------+----------| 
     |                | A[3] ^       |         |       |   0.200 |    0.215 | 
     | FE_OFC43_A_3_  | I ^ -> ZN v  | INVD2   | 0.022 |   0.222 |    0.238 | 
     | U892           | A2 v -> ZN ^ | CKND2D2 | 0.056 |   0.279 |    0.294 | 
     | U893           | A2 ^ -> ZN v | NR2D0   | 0.059 |   0.338 |    0.353 | 
     | U942           | A3 v -> ZN ^ | NR3D1   | 0.111 |   0.449 |    0.464 | 
     | U943           | A2 ^ -> ZN v | CKND2D0 | 0.087 |   0.536 |    0.552 | 
     | U944           | A2 v -> ZN ^ | NR2XD0  | 0.064 |   0.601 |    0.616 | 
     | U949           | A2 ^ -> ZN v | CKND2D0 | 0.045 |   0.646 |    0.661 | 
     | U950           | A2 v -> ZN ^ | NR2D0   | 0.069 |   0.714 |    0.730 | 
     | FE_OFC60_n738  | I ^ -> ZN v  | CKND1   | 0.068 |   0.782 |    0.797 | 
     | FE_OFC61_n738  | I v -> ZN ^  | CKND6   | 0.150 |   0.932 |    0.948 | 
     | memory1_reg_1_ | E ^          | EDFQD1  | 0.085 |   1.017 |    1.033 | 
     +----------------------------------------------------------------------+ 
Path 2: MET Setup Check with Pin memory1_reg_57_/CP 
Endpoint:   memory1_reg_57_/E (^) checked with  leading edge of 'CLK'
Beginpoint: A[3]              (^) triggered by  leading edge of 'CLK'
Path Groups: {CLK}
Analysis View: WC_VIEW
Other End Arrival Time          0.157
- Setup                         0.124
+ Phase Shift                   1.000
= Required Time                 1.033
- Arrival Time                  1.017
= Slack Time                    0.015
     Clock Rise Edge                      0.000
     + Input Delay                        0.200
     = Beginpoint Arrival Time            0.200
     +-----------------------------------------------------------------------+ 
     |    Instance     |     Arc      |  Cell   | Delay | Arrival | Required | 
     |                 |              |         |       |  Time   |   Time   | 
     |-----------------+--------------+---------+-------+---------+----------| 
     |                 | A[3] ^       |         |       |   0.200 |    0.215 | 
     | FE_OFC43_A_3_   | I ^ -> ZN v  | INVD2   | 0.022 |   0.222 |    0.238 | 
     | U892            | A2 v -> ZN ^ | CKND2D2 | 0.056 |   0.279 |    0.294 | 
     | U893            | A2 ^ -> ZN v | NR2D0   | 0.059 |   0.338 |    0.354 | 
     | U942            | A3 v -> ZN ^ | NR3D1   | 0.111 |   0.449 |    0.464 | 
     | U943            | A2 ^ -> ZN v | CKND2D0 | 0.087 |   0.536 |    0.552 | 
     | U944            | A2 v -> ZN ^ | NR2XD0  | 0.064 |   0.601 |    0.616 | 
     | U949            | A2 ^ -> ZN v | CKND2D0 | 0.045 |   0.646 |    0.661 | 
     | U950            | A2 v -> ZN ^ | NR2D0   | 0.069 |   0.714 |    0.730 | 
     | FE_OFC60_n738   | I ^ -> ZN v  | CKND1   | 0.068 |   0.782 |    0.798 | 
     | FE_OFC61_n738   | I v -> ZN ^  | CKND6   | 0.150 |   0.932 |    0.948 | 
     | memory1_reg_57_ | E ^          | EDFQD1  | 0.085 |   1.017 |    1.033 | 
     +-----------------------------------------------------------------------+ 
Path 3: MET Setup Check with Pin memory1_reg_33_/CP 
Endpoint:   memory1_reg_33_/E (^) checked with  leading edge of 'CLK'
Beginpoint: A[3]              (^) triggered by  leading edge of 'CLK'
Path Groups: {CLK}
Analysis View: WC_VIEW
Other End Arrival Time          0.156
- Setup                         0.124
+ Phase Shift                   1.000
= Required Time                 1.032
- Arrival Time                  1.017
= Slack Time                    0.015
     Clock Rise Edge                      0.000
     + Input Delay                        0.200
     = Beginpoint Arrival Time            0.200
     +-----------------------------------------------------------------------+ 
     |    Instance     |     Arc      |  Cell   | Delay | Arrival | Required | 
     |                 |              |         |       |  Time   |   Time   | 
     |-----------------+--------------+---------+-------+---------+----------| 
     |                 | A[3] ^       |         |       |   0.200 |    0.215 | 
     | FE_OFC43_A_3_   | I ^ -> ZN v  | INVD2   | 0.022 |   0.222 |    0.238 | 
     | U892            | A2 v -> ZN ^ | CKND2D2 | 0.056 |   0.279 |    0.294 | 
     | U893            | A2 ^ -> ZN v | NR2D0   | 0.059 |   0.338 |    0.354 | 
     | U942            | A3 v -> ZN ^ | NR3D1   | 0.111 |   0.449 |    0.464 | 
     | U943            | A2 ^ -> ZN v | CKND2D0 | 0.087 |   0.536 |    0.552 | 
     | U944            | A2 v -> ZN ^ | NR2XD0  | 0.064 |   0.601 |    0.616 | 
     | U949            | A2 ^ -> ZN v | CKND2D0 | 0.045 |   0.646 |    0.661 | 
     | U950            | A2 v -> ZN ^ | NR2D0   | 0.069 |   0.714 |    0.730 | 
     | FE_OFC60_n738   | I ^ -> ZN v  | CKND1   | 0.068 |   0.782 |    0.798 | 
     | FE_OFC61_n738   | I v -> ZN ^  | CKND6   | 0.150 |   0.932 |    0.948 | 
     | memory1_reg_33_ | E ^          | EDFQD1  | 0.084 |   1.017 |    1.032 | 
     +-----------------------------------------------------------------------+ 
Path 4: MET Setup Check with Pin memory1_reg_63_/CP 
Endpoint:   memory1_reg_63_/E (^) checked with  leading edge of 'CLK'
Beginpoint: A[3]              (^) triggered by  leading edge of 'CLK'
Path Groups: {CLK}
Analysis View: WC_VIEW
Other End Arrival Time          0.158
- Setup                         0.123
+ Phase Shift                   1.000
= Required Time                 1.035
- Arrival Time                  1.018
= Slack Time                    0.018
     Clock Rise Edge                      0.000
     + Input Delay                        0.200
     = Beginpoint Arrival Time            0.200
     +-----------------------------------------------------------------------+ 
     |    Instance     |     Arc      |  Cell   | Delay | Arrival | Required | 
     |                 |              |         |       |  Time   |   Time   | 
     |-----------------+--------------+---------+-------+---------+----------| 
     |                 | A[3] ^       |         |       |   0.200 |    0.218 | 
     | FE_OFC43_A_3_   | I ^ -> ZN v  | INVD2   | 0.022 |   0.222 |    0.240 | 
     | U892            | A2 v -> ZN ^ | CKND2D2 | 0.056 |   0.279 |    0.296 | 
     | U893            | A2 ^ -> ZN v | NR2D0   | 0.059 |   0.338 |    0.356 | 
     | U942            | A3 v -> ZN ^ | NR3D1   | 0.111 |   0.449 |    0.466 | 
     | U943            | A2 ^ -> ZN v | CKND2D0 | 0.087 |   0.536 |    0.554 | 
     | U944            | A2 v -> ZN ^ | NR2XD0  | 0.064 |   0.601 |    0.618 | 
     | U949            | A2 ^ -> ZN v | CKND2D0 | 0.045 |   0.646 |    0.663 | 
     | U950            | A2 v -> ZN ^ | NR2D0   | 0.069 |   0.714 |    0.732 | 
     | FE_OFC60_n738   | I ^ -> ZN v  | CKND1   | 0.068 |   0.782 |    0.800 | 
     | FE_OFC61_n738   | I v -> ZN ^  | CKND6   | 0.150 |   0.932 |    0.950 | 
     | memory1_reg_63_ | E ^          | EDFQD1  | 0.085 |   1.018 |    1.035 | 
     +-----------------------------------------------------------------------+ 
Path 5: MET Setup Check with Pin memory1_reg_51_/CP 
Endpoint:   memory1_reg_51_/E (^) checked with  leading edge of 'CLK'
Beginpoint: A[3]              (^) triggered by  leading edge of 'CLK'
Path Groups: {CLK}
Analysis View: WC_VIEW
Other End Arrival Time          0.158
- Setup                         0.123
+ Phase Shift                   1.000
= Required Time                 1.035
- Arrival Time                  1.018
= Slack Time                    0.018
     Clock Rise Edge                      0.000
     + Input Delay                        0.200
     = Beginpoint Arrival Time            0.200
     +-----------------------------------------------------------------------+ 
     |    Instance     |     Arc      |  Cell   | Delay | Arrival | Required | 
     |                 |              |         |       |  Time   |   Time   | 
     |-----------------+--------------+---------+-------+---------+----------| 
     |                 | A[3] ^       |         |       |   0.200 |    0.218 | 
     | FE_OFC43_A_3_   | I ^ -> ZN v  | INVD2   | 0.022 |   0.222 |    0.240 | 
     | U892            | A2 v -> ZN ^ | CKND2D2 | 0.056 |   0.279 |    0.296 | 
     | U893            | A2 ^ -> ZN v | NR2D0   | 0.059 |   0.338 |    0.356 | 
     | U942            | A3 v -> ZN ^ | NR3D1   | 0.111 |   0.449 |    0.466 | 
     | U943            | A2 ^ -> ZN v | CKND2D0 | 0.087 |   0.536 |    0.554 | 
     | U944            | A2 v -> ZN ^ | NR2XD0  | 0.064 |   0.601 |    0.618 | 
     | U949            | A2 ^ -> ZN v | CKND2D0 | 0.045 |   0.646 |    0.663 | 
     | U950            | A2 v -> ZN ^ | NR2D0   | 0.069 |   0.714 |    0.732 | 
     | FE_OFC60_n738   | I ^ -> ZN v  | CKND1   | 0.068 |   0.782 |    0.800 | 
     | FE_OFC61_n738   | I v -> ZN ^  | CKND6   | 0.150 |   0.932 |    0.950 | 
     | memory1_reg_51_ | E ^          | EDFQD1  | 0.085 |   1.018 |    1.035 | 
     +-----------------------------------------------------------------------+ 

